[2024-06-02T02:47:03.682Z] Heisei era movie detected: Godzilla vs. Mechagodzilla II (1993)
[2024-06-02T02:47:03.685Z] Showa era movie detected: King Kong vs. Godzilla (1962)
[2024-06-02T02:47:03.700Z] Millennium era movie detected: Godzilla: Final Wars (2004)
[2024-06-02T02:47:03.752Z] Reiwa era movie detected: Godzilla Minus One (2023)
[2024-06-02T02:47:03.759Z] Heisei era movie detected: Godzilla vs. Biollante (1989)
[2024-06-02T02:47:03.759Z] Showa era movie detected: Godzilla (1954)
[2024-06-02T02:47:03.826Z] Millennium era movie detected: Godzilla, Mothra and King Ghidorah: Giant Monsters All-Out Attack (2001)
[2024-06-02T02:47:03.827Z] Showa era movie detected: Godzilla Raids Again (1955)
[2024-06-02T02:47:03.828Z] Heisei era movie detected: Godzilla vs. Destoroyah (1995)
[2024-06-02T02:47:03.898Z] Reiwa era movie detected: Shin Godzilla (2016)
[2024-06-02T02:47:03.913Z] Heisei era movie detected: Godzilla vs. SpaceGodzilla (1994)
[2024-06-02T02:47:03.969Z] Millennium era movie detected: Godzilla Against MechaGodzilla (2002)
[2024-06-02T02:47:03.972Z] Heisei era movie detected: Godzilla vs. Mothra (1992)
[2024-06-02T02:47:04.040Z] Heisei era movie detected: The Return of Godzilla (1984)
[2024-06-02T02:47:04.042Z] Showa era movie detected: Son of Godzilla (1967)
[2024-06-02T02:47:04.110Z] MonsterVerse era movie detected: Godzilla x Kong: The New Empire (2024)
[2024-06-02T02:47:04.110Z] Heisei era movie detected: Godzilla vs. King Ghidorah (1991)
[2024-06-02T02:47:04.182Z] Showa era movie detected: Godzilla vs. Megalon (1973)
[2024-06-02T02:47:04.186Z] Showa era movie detected: Ebirah, Horror of the Deep (1966)
[2024-06-02T02:47:04.277Z] Millennium era movie detected: Godzilla vs. Megaguirus (2000)
[2024-06-02T02:47:04.845Z] Showa era movie detected: Godzilla (1954)
[2024-06-02T02:47:04.871Z] Showa era movie detected: Son of Godzilla (1967)
[2024-06-02T02:47:04.872Z] Showa era movie detected: King Kong vs. Godzilla (1962)
[2024-06-02T02:47:04.872Z] Showa era movie detected: Ebirah, Horror of the Deep (1966)
[2024-06-02T02:47:04.873Z] Showa era movie detected: Godzilla Raids Again (1955)
[2024-06-02T02:47:04.874Z] Showa era movie detected: Godzilla vs. Megalon (1973)
[2024-06-02T02:47:04.909Z] Showa era movie detected: Mothra vs. Godzilla (1964)
[2024-06-02T02:47:04.910Z] Showa era movie detected: Ghidorah, the Three-Headed Monster (1964)
[2024-06-02T02:47:04.917Z] Showa era movie detected: Invasion of Astro-Monster (1965)
[2024-06-02T02:47:04.980Z] Showa era movie detected: Godzilla vs. Mechagodzilla (1974)
[2024-06-02T02:47:04.983Z] Showa era movie detected: Godzilla vs. Hedorah (1971)
[2024-06-02T02:47:05.046Z] Showa era movie detected: Godzilla vs. Gigan (1972)
[2024-06-02T02:47:05.049Z] Showa era movie detected: All Monsters Attack (1969)
[2024-06-02T02:47:05.122Z] Showa era movie detected: Terror of Mechagodzilla (1975)
[2024-06-02T02:47:05.489Z] Showa era movie detected: Destroy All Monsters (1968)
[2024-06-02T02:47:05.703Z] Heisei era movie detected: Godzilla vs. SpaceGodzilla (1994)
[2024-06-02T02:47:05.714Z] Heisei era movie detected: Godzilla vs. Biollante (1989)
[2024-06-02T02:47:05.716Z] Heisei era movie detected: Godzilla vs. Mothra (1992)
[2024-06-02T02:47:05.720Z] Heisei era movie detected: The Return of Godzilla (1984)
[2024-06-02T02:47:05.721Z] Heisei era movie detected: Godzilla vs. Mechagodzilla II (1993)
[2024-06-02T02:47:05.725Z] Heisei era movie detected: Godzilla vs. King Ghidorah (1991)
[2024-06-02T02:47:05.726Z] Heisei era movie detected: Godzilla vs. Destoroyah (1995)
[2024-06-02T02:47:05.914Z] Millennium era movie detected: Godzilla Against MechaGodzilla (2002)
[2024-06-02T02:47:05.925Z] Millennium era movie detected: Godzilla: Final Wars (2004)
[2024-06-02T02:47:05.926Z] Millennium era movie detected: Godzilla, Mothra and King Ghidorah: Giant Monsters All-Out Attack (2001)
[2024-06-02T02:47:05.927Z] Millennium era movie detected: Godzilla vs. Megaguirus (2000)
[2024-06-02T02:47:05.972Z] Millennium era movie detected: Godzilla: Tokyo S.O.S. (2003)
[2024-06-02T02:47:06.047Z] Millennium era movie detected: Godzilla 2000: Millennium (1999)
[2024-06-02T02:47:06.248Z] MonsterVerse era movie detected: Godzilla (2014)
[2024-06-02T02:47:06.293Z] MonsterVerse era movie detected: Godzilla: King of the Monsters (2019)
[2024-06-02T02:47:06.296Z] MonsterVerse era movie detected: Godzilla vs. Kong (2021)
[2024-06-02T02:47:06.528Z] Reiwa era movie detected: Godzilla: Planet of the Monsters (2017)
[2024-06-02T02:47:06.532Z] Reiwa era movie detected: Godzilla: City on the Edge of Battle (2018)
[2024-06-02T02:47:06.595Z] Reiwa era movie detected: Godzilla: The Planet Eater (2018)
[2024-06-02T02:47:06.676Z] Reiwa era movie detected: Godzilla Minus One (2023)
[2024-06-02T02:47:06.748Z] Reiwa era movie detected: Shin Godzilla (2016)
[2024-06-02T02:47:06.990Z] Tristar era movie detected: Godzilla (1998)
[2024-06-02T02:47:07.143Z] Showa era movie detected: Godzilla (1954)
[2024-06-02T02:47:07.150Z] Showa era movie detected: Invasion of Astro-Monster (1965)
[2024-06-02T02:47:07.150Z] Showa era movie detected: Ebirah, Horror of the Deep (1966)
[2024-06-02T02:47:07.151Z] Showa era movie detected: Destroy All Monsters (1968)
[2024-06-02T02:47:07.153Z] Showa era movie detected: All Monsters Attack (1969)
[2024-06-02T02:47:07.153Z] Showa era movie detected: Ghidorah, the Three-Headed Monster (1964)
[2024-06-02T02:47:07.153Z] Showa era movie detected: King Kong vs. Godzilla (1962)
[2024-06-02T02:47:07.156Z] Showa era movie detected: Godzilla vs. Megalon (1973)
[2024-06-02T02:47:07.158Z] Showa era movie detected: Terror of Mechagodzilla (1975)
[2024-06-02T02:47:07.159Z] Showa era movie detected: Godzilla Raids Again (1955)
[2024-06-02T02:47:07.161Z] Showa era movie detected: Son of Godzilla (1967)
[2024-06-02T02:47:07.161Z] Showa era movie detected: Godzilla vs. Hedorah (1971)
[2024-06-02T02:47:07.162Z] Showa era movie detected: Godzilla vs. Gigan (1972)
[2024-06-02T02:47:07.163Z] Showa era movie detected: Godzilla vs. Mechagodzilla (1974)
[2024-06-02T02:47:07.163Z] Showa era movie detected: Mothra vs. Godzilla (1964)
[2024-06-02T02:47:07.301Z] Heisei era movie detected: Godzilla vs. SpaceGodzilla (1994)
[2024-06-02T02:47:07.302Z] Heisei era movie detected: Godzilla vs. Biollante (1989)
[2024-06-02T02:47:07.305Z] Heisei era movie detected: The Return of Godzilla (1984)
[2024-06-02T02:47:07.306Z] Heisei era movie detected: Godzilla vs. King Ghidorah (1991)
[2024-06-02T02:47:07.308Z] Heisei era movie detected: Godzilla vs. Mothra (1992)
[2024-06-02T02:47:07.310Z] Heisei era movie detected: Godzilla vs. Destoroyah (1995)
[2024-06-02T02:47:07.312Z] Heisei era movie detected: Godzilla vs. Mechagodzilla II (1993)
[2024-06-02T02:47:07.463Z] Millennium era movie detected: Godzilla, Mothra and King Ghidorah: Giant Monsters All-Out Attack (2001)
[2024-06-02T02:47:07.463Z] Millennium era movie detected: Godzilla vs. Megaguirus (2000)
[2024-06-02T02:47:07.473Z] Millennium era movie detected: Godzilla 2000: Millennium (1999)
[2024-06-02T02:47:07.479Z] Millennium era movie detected: Godzilla Against MechaGodzilla (2002)
[2024-06-02T02:47:07.480Z] Millennium era movie detected: Godzilla: Tokyo S.O.S. (2003)
[2024-06-02T02:47:07.480Z] Millennium era movie detected: Godzilla: Final Wars (2004)
[2024-06-02T02:47:07.616Z] MonsterVerse era movie detected: Godzilla vs. Kong (2021)
[2024-06-02T02:47:07.623Z] MonsterVerse era movie detected: Godzilla (2014)
[2024-06-02T02:47:07.623Z] MonsterVerse era movie detected: Godzilla: King of the Monsters (2019)
[2024-06-02T02:47:07.765Z] Reiwa era movie detected: Godzilla: Planet of the Monsters (2017)
[2024-06-02T02:47:07.773Z] Reiwa era movie detected: Godzilla: The Planet Eater (2018)
[2024-06-02T02:47:07.775Z] Reiwa era movie detected: Godzilla: City on the Edge of Battle (2018)
[2024-06-02T02:47:07.848Z] Reiwa era movie detected: Godzilla Minus One (2023)
[2024-06-02T02:47:07.917Z] Reiwa era movie detected: Shin Godzilla (2016)
